<?xml version="1.0" encoding="UTF-8"?>
<!-- Generated by org.testng.reporters.JUnitReportReporter -->
<testsuite hostname="DESKTOP-4D3USP3" name="First.TestSelenium.NewTest" tests="1" failures="0" timestamp="12 Oct 2016 07:52:23 GMT" time="6.264" errors="0">
  <testcase name="f" time="6.264" classname="First.TestSelenium.NewTest"/>
</testsuite> <!-- First.TestSelenium.NewTest -->
