<?xml version="1.0" encoding="UTF-8"?>
<!-- Generated by org.testng.reporters.JUnitReportReporter -->
<testsuite hostname="DESKTOP-4D3USP3" name="First.TestSelenium.NewTest" tests="1" failures="0" timestamp="29 Sep 2016 11:04:00 GMT" time="0.230" errors="0">
  <testcase name="f" time="0.230" classname="First.TestSelenium.NewTest"/>
</testsuite> <!-- First.TestSelenium.NewTest -->
