<?xml version="1.0" encoding="UTF-8"?>
<!-- Generated by org.testng.reporters.JUnitReportReporter -->
<testsuite hostname="DESKTOP-4D3USP3" name="First.TestSelenium.NewTest1" tests="1" failures="0" timestamp="12 Oct 2016 06:46:23 GMT" time="5.477" errors="0">
  <testcase name="f1" time="5.477" classname="First.TestSelenium.NewTest1"/>
</testsuite> <!-- First.TestSelenium.NewTest1 -->
